

Started GET "/" for 127.0.0.1 at 2015-04-01 20:34:38 -0500
Processing by StaticPagesController#home as HTML
  Rendered static_pages/home.html.erb within layouts/application (22.0ms)
  Rendered layouts/_shim.html.erb (0.4ms)
  Rendered layouts/_header.html.erb (1.0ms)
  Rendered layouts/_footer.html.erb (0.7ms)
Completed 200 OK in 4610ms (Views: 4596.3ms | ActiveRecord: 0.0ms)


Started GET "/assets/custom-edc349ecab4399de999130a599bfdc3c.css?body=1" for 127.0.0.1 at 2015-04-01 20:34:43 -0500


Started GET "/assets/static_pages-64e62ddc273c2f5847f30d698ca14b67.css?body=1" for 127.0.0.1 at 2015-04-01 20:34:43 -0500


Started GET "/assets/users-64e62ddc273c2f5847f30d698ca14b67.css?body=1" for 127.0.0.1 at 2015-04-01 20:34:43 -0500


Started GET "/assets/application-9b2f78c68b960faea10d00994e277cd4.css?body=1" for 127.0.0.1 at 2015-04-01 20:34:43 -0500


Started GET "/assets/jquery-87424c3c19e96d4fb033c10ebe21ec40.js?body=1" for 127.0.0.1 at 2015-04-01 20:34:43 -0500


Started GET "/assets/jquery_ujs-e27bd20a10d28155845a22d71ef94f2f.js?body=1" for 127.0.0.1 at 2015-04-01 20:34:43 -0500


Started GET "/assets/turbolinks-d9dcd5206ee131f11181e8ca09537148.js?body=1" for 127.0.0.1 at 2015-04-01 20:34:43 -0500


Started GET "/assets/static_pages-fcec5b5a277ac7c20cc9f45a209a3bcd.js?body=1" for 127.0.0.1 at 2015-04-01 20:34:43 -0500


Started GET "/assets/application-c030fd008d439d284143eb512ecd0569.js?body=1" for 127.0.0.1 at 2015-04-01 20:34:43 -0500


Started GET "/assets/users-fcec5b5a277ac7c20cc9f45a209a3bcd.js?body=1" for 127.0.0.1 at 2015-04-01 20:34:43 -0500


Started GET "/assets/rails-be2e3e66a18126c4042f84cd4aae4cb3.png" for 127.0.0.1 at 2015-04-01 20:34:43 -0500


Started GET "/signup" for 127.0.0.1 at 2015-04-01 20:34:57 -0500
Processing by UsersController#new as HTML
  Rendered users/new.html.erb within layouts/application (0.4ms)
  Rendered layouts/_shim.html.erb (0.8ms)
  Rendered layouts/_header.html.erb (1.3ms)
  Rendered layouts/_footer.html.erb (1.0ms)
Completed 200 OK in 120ms (Views: 119.7ms | ActiveRecord: 0.0ms)


Started GET "/help" for 127.0.0.1 at 2015-04-01 20:35:02 -0500
Processing by StaticPagesController#help as HTML
  Rendered static_pages/help.html.erb within layouts/application (0.4ms)
  Rendered layouts/_shim.html.erb (0.1ms)
  Rendered layouts/_header.html.erb (0.3ms)
  Rendered layouts/_footer.html.erb (0.2ms)
Completed 200 OK in 120ms (Views: 119.4ms | ActiveRecord: 0.0ms)


Started GET "/" for 127.0.0.1 at 2015-04-01 20:35:03 -0500
Processing by StaticPagesController#home as HTML
  Rendered static_pages/home.html.erb within layouts/application (0.9ms)
  Rendered layouts/_shim.html.erb (0.1ms)
  Rendered layouts/_header.html.erb (0.2ms)
  Rendered layouts/_footer.html.erb (0.1ms)
Completed 200 OK in 96ms (Views: 95.8ms | ActiveRecord: 0.0ms)
  [1m[36m (102.4ms)[0m  [1mCREATE TABLE "schema_migrations" ("version" varchar NOT NULL) [0m
  [1m[35m (0.1ms)[0m  select sqlite_version(*)
  [1m[36m (100.3ms)[0m  [1mCREATE UNIQUE INDEX "unique_schema_migrations" ON "schema_migrations" ("version")[0m
  [1m[35mActiveRecord::SchemaMigration Load (0.2ms)[0m  SELECT "schema_migrations".* FROM "schema_migrations"
Migrating to CreateProjects (20150402015127)
  [1m[36m (0.1ms)[0m  [1mbegin transaction[0m
  [1m[35m (0.5ms)[0m  CREATE TABLE "projects" ("id" INTEGER PRIMARY KEY AUTOINCREMENT NOT NULL, "title" varchar, "organization" varchar, "contact" text, "description" text, "oncampus" boolean, "islegacy" boolean, "created_at" datetime NOT NULL, "updated_at" datetime NOT NULL) 
  [1m[36mSQL (0.2ms)[0m  [1mINSERT INTO "schema_migrations" ("version") VALUES (?)[0m  [["version", "20150402015127"]]
  [1m[35m (82.7ms)[0m  commit transaction
  [1m[36mActiveRecord::SchemaMigration Load (0.1ms)[0m  [1mSELECT "schema_migrations".* FROM "schema_migrations"[0m
  [1m[36mActiveRecord::SchemaMigration Load (0.1ms)[0m  [1mSELECT "schema_migrations".* FROM "schema_migrations"[0m
  [1m[35mActiveRecord::SchemaMigration Load (0.1ms)[0m  SELECT "schema_migrations".* FROM "schema_migrations"


Started GET "/" for 127.0.0.1 at 2015-04-01 20:52:56 -0500
  [1m[36mActiveRecord::SchemaMigration Load (0.1ms)[0m  [1mSELECT "schema_migrations".* FROM "schema_migrations"[0m
Processing by StaticPagesController#home as HTML
  Rendered static_pages/home.html.erb within layouts/application (3.4ms)
  Rendered layouts/_shim.html.erb (0.4ms)
  Rendered layouts/_header.html.erb (0.7ms)
  Rendered layouts/_footer.html.erb (0.6ms)
Completed 200 OK in 603ms (Views: 590.0ms | ActiveRecord: 0.0ms)


Started GET "/" for 127.0.0.1 at 2015-04-01 20:52:57 -0500
Processing by StaticPagesController#home as HTML
  Rendered static_pages/home.html.erb within layouts/application (1.0ms)
  Rendered layouts/_shim.html.erb (0.1ms)
  Rendered layouts/_header.html.erb (0.4ms)
  Rendered layouts/_footer.html.erb (0.2ms)
Completed 200 OK in 117ms (Views: 116.7ms | ActiveRecord: 0.0ms)


Started GET "/assets/custom-edc349ecab4399de999130a599bfdc3c.css?body=1" for 127.0.0.1 at 2015-04-01 20:52:57 -0500


Started GET "/assets/static_pages-64e62ddc273c2f5847f30d698ca14b67.css?body=1" for 127.0.0.1 at 2015-04-01 20:52:57 -0500


Started GET "/assets/scaffolds-cadf12f7a15d7effd07300c5725d12c4.css?body=1" for 127.0.0.1 at 2015-04-01 20:52:57 -0500


Started GET "/assets/users-64e62ddc273c2f5847f30d698ca14b67.css?body=1" for 127.0.0.1 at 2015-04-01 20:52:57 -0500


Started GET "/assets/application-709307e13b3f2a1735ff98d6b7092d09.css?body=1" for 127.0.0.1 at 2015-04-01 20:52:57 -0500


Started GET "/assets/jquery-87424c3c19e96d4fb033c10ebe21ec40.js?body=1" for 127.0.0.1 at 2015-04-01 20:52:57 -0500


Started GET "/assets/turbolinks-d9dcd5206ee131f11181e8ca09537148.js?body=1" for 127.0.0.1 at 2015-04-01 20:52:57 -0500


Started GET "/assets/jquery_ujs-e27bd20a10d28155845a22d71ef94f2f.js?body=1" for 127.0.0.1 at 2015-04-01 20:52:57 -0500


Started GET "/assets/users-fcec5b5a277ac7c20cc9f45a209a3bcd.js?body=1" for 127.0.0.1 at 2015-04-01 20:52:57 -0500


Started GET "/assets/static_pages-fcec5b5a277ac7c20cc9f45a209a3bcd.js?body=1" for 127.0.0.1 at 2015-04-01 20:52:57 -0500


Started GET "/assets/application-908b7465bef82ddf00ca775496b1fa4b.js?body=1" for 127.0.0.1 at 2015-04-01 20:52:57 -0500


Started GET "/assets/rails-be2e3e66a18126c4042f84cd4aae4cb3.png" for 127.0.0.1 at 2015-04-01 20:52:57 -0500


Started GET "/projects" for 127.0.0.1 at 2015-04-01 20:53:09 -0500
Processing by ProjectsController#index as HTML
  [1m[35mProject Load (0.2ms)[0m  SELECT "projects".* FROM "projects"
  Rendered projects/index.html.erb within layouts/application (2.8ms)
  Rendered layouts/_shim.html.erb (0.1ms)
  Rendered layouts/_header.html.erb (0.3ms)
  Rendered layouts/_footer.html.erb (0.2ms)
Completed 200 OK in 168ms (Views: 164.2ms | ActiveRecord: 0.3ms)


Started GET "/assets/custom-edc349ecab4399de999130a599bfdc3c.css?body=1" for 127.0.0.1 at 2015-04-01 20:53:09 -0500


Started GET "/assets/static_pages-64e62ddc273c2f5847f30d698ca14b67.css?body=1" for 127.0.0.1 at 2015-04-01 20:53:09 -0500


Started GET "/assets/users-64e62ddc273c2f5847f30d698ca14b67.css?body=1" for 127.0.0.1 at 2015-04-01 20:53:09 -0500


Started GET "/assets/jquery-87424c3c19e96d4fb033c10ebe21ec40.js?body=1" for 127.0.0.1 at 2015-04-01 20:53:09 -0500


Started GET "/assets/jquery_ujs-e27bd20a10d28155845a22d71ef94f2f.js?body=1" for 127.0.0.1 at 2015-04-01 20:53:09 -0500


Started GET "/assets/turbolinks-d9dcd5206ee131f11181e8ca09537148.js?body=1" for 127.0.0.1 at 2015-04-01 20:53:09 -0500


Started GET "/assets/static_pages-fcec5b5a277ac7c20cc9f45a209a3bcd.js?body=1" for 127.0.0.1 at 2015-04-01 20:53:09 -0500


Started GET "/assets/users-fcec5b5a277ac7c20cc9f45a209a3bcd.js?body=1" for 127.0.0.1 at 2015-04-01 20:53:09 -0500


Started GET "/projects/new" for 127.0.0.1 at 2015-04-01 20:53:18 -0500
Processing by ProjectsController#new as HTML
  Rendered projects/_form.html.erb (70.9ms)
  Rendered projects/new.html.erb within layouts/application (72.7ms)
  Rendered layouts/_shim.html.erb (0.1ms)
  Rendered layouts/_header.html.erb (0.3ms)
  Rendered layouts/_footer.html.erb (0.2ms)
Completed 200 OK in 233ms (Views: 224.3ms | ActiveRecord: 0.3ms)


Started GET "/assets/custom-edc349ecab4399de999130a599bfdc3c.css?body=1" for 127.0.0.1 at 2015-04-01 20:53:19 -0500


Started GET "/assets/static_pages-64e62ddc273c2f5847f30d698ca14b67.css?body=1" for 127.0.0.1 at 2015-04-01 20:53:19 -0500


Started GET "/assets/users-64e62ddc273c2f5847f30d698ca14b67.css?body=1" for 127.0.0.1 at 2015-04-01 20:53:19 -0500


Started GET "/assets/jquery-87424c3c19e96d4fb033c10ebe21ec40.js?body=1" for 127.0.0.1 at 2015-04-01 20:53:19 -0500


Started GET "/assets/turbolinks-d9dcd5206ee131f11181e8ca09537148.js?body=1" for 127.0.0.1 at 2015-04-01 20:53:19 -0500


Started GET "/assets/static_pages-fcec5b5a277ac7c20cc9f45a209a3bcd.js?body=1" for 127.0.0.1 at 2015-04-01 20:53:19 -0500


Started GET "/assets/jquery_ujs-e27bd20a10d28155845a22d71ef94f2f.js?body=1" for 127.0.0.1 at 2015-04-01 20:53:19 -0500


Started GET "/assets/users-fcec5b5a277ac7c20cc9f45a209a3bcd.js?body=1" for 127.0.0.1 at 2015-04-01 20:53:19 -0500


Started GET "/projects" for 127.0.0.1 at 2015-04-01 20:53:41 -0500
Processing by ProjectsController#index as HTML
  [1m[36mProject Load (0.2ms)[0m  [1mSELECT "projects".* FROM "projects"[0m
  Rendered projects/index.html.erb within layouts/application (2.2ms)
  Rendered layouts/_shim.html.erb (0.4ms)
  Rendered layouts/_header.html.erb (0.8ms)
  Rendered layouts/_footer.html.erb (0.8ms)
Completed 200 OK in 148ms (Views: 146.7ms | ActiveRecord: 0.2ms)


Started GET "/users" for 127.0.0.1 at 2015-04-01 21:01:49 -0500

ActionController::RoutingError (No route matches [GET] "/users"):
  web-console (2.0.0.beta3) lib/action_dispatch/debug_exceptions.rb:22:in `middleware_call'
  web-console (2.0.0.beta3) lib/action_dispatch/debug_exceptions.rb:13:in `call'
  actionpack (4.2.0) lib/action_dispatch/middleware/show_exceptions.rb:30:in `call'
  railties (4.2.0) lib/rails/rack/logger.rb:38:in `call_app'
  railties (4.2.0) lib/rails/rack/logger.rb:20:in `block in call'
  activesupport (4.2.0) lib/active_support/tagged_logging.rb:68:in `block in tagged'
  activesupport (4.2.0) lib/active_support/tagged_logging.rb:26:in `tagged'
  activesupport (4.2.0) lib/active_support/tagged_logging.rb:68:in `tagged'
  railties (4.2.0) lib/rails/rack/logger.rb:20:in `call'
  actionpack (4.2.0) lib/action_dispatch/middleware/request_id.rb:21:in `call'
  rack (1.6.0) lib/rack/methodoverride.rb:22:in `call'
  rack (1.6.0) lib/rack/runtime.rb:18:in `call'
  activesupport (4.2.0) lib/active_support/cache/strategy/local_cache_middleware.rb:28:in `call'
  rack (1.6.0) lib/rack/lock.rb:17:in `call'
  actionpack (4.2.0) lib/action_dispatch/middleware/static.rb:113:in `call'
  rack (1.6.0) lib/rack/sendfile.rb:113:in `call'
  railties (4.2.0) lib/rails/engine.rb:518:in `call'
  railties (4.2.0) lib/rails/application.rb:164:in `call'
  rack (1.6.0) lib/rack/lock.rb:17:in `call'
  rack (1.6.0) lib/rack/content_length.rb:15:in `call'
  rack (1.6.0) lib/rack/handler/webrick.rb:89:in `service'
  /usr/local/lib/ruby/2.2.0/webrick/httpserver.rb:138:in `service'
  /usr/local/lib/ruby/2.2.0/webrick/httpserver.rb:94:in `run'
  /usr/local/lib/ruby/2.2.0/webrick/server.rb:294:in `block in start_thread'


  Rendered /usr/local/lib/ruby/gems/2.2.0/gems/web-console-2.0.0.beta3/lib/action_dispatch/templates/rescues/_trace.html.erb (2.0ms)
  Rendered /usr/local/lib/ruby/gems/2.2.0/gems/web-console-2.0.0.beta3/lib/action_dispatch/templates/rescues/routing_error.html.erb within rescues/layout (139.8ms)


Started GET "/projects" for 127.0.0.1 at 2015-04-01 21:02:03 -0500
Processing by ProjectsController#index as HTML
  [1m[35mProject Load (0.2ms)[0m  SELECT "projects".* FROM "projects"
  Rendered projects/index.html.erb within layouts/application (1.2ms)
  Rendered layouts/_shim.html.erb (0.1ms)
  Rendered layouts/_header.html.erb (0.3ms)
  Rendered layouts/_footer.html.erb (0.3ms)
Completed 200 OK in 134ms (Views: 132.7ms | ActiveRecord: 0.2ms)


Started GET "/projects" for 127.0.0.1 at 2015-04-01 21:02:03 -0500
Processing by ProjectsController#index as HTML
  [1m[36mProject Load (0.2ms)[0m  [1mSELECT "projects".* FROM "projects"[0m
  Rendered projects/index.html.erb within layouts/application (1.8ms)
  Rendered layouts/_shim.html.erb (0.1ms)
  Rendered layouts/_header.html.erb (0.3ms)
  Rendered layouts/_footer.html.erb (0.2ms)
Completed 200 OK in 124ms (Views: 123.6ms | ActiveRecord: 0.2ms)


Started GET "/assets/custom-edc349ecab4399de999130a599bfdc3c.css?body=1" for 127.0.0.1 at 2015-04-01 21:02:03 -0500


Started GET "/assets/static_pages-64e62ddc273c2f5847f30d698ca14b67.css?body=1" for 127.0.0.1 at 2015-04-01 21:02:03 -0500


Started GET "/assets/users-64e62ddc273c2f5847f30d698ca14b67.css?body=1" for 127.0.0.1 at 2015-04-01 21:02:03 -0500


Started GET "/assets/jquery-87424c3c19e96d4fb033c10ebe21ec40.js?body=1" for 127.0.0.1 at 2015-04-01 21:02:03 -0500


Started GET "/assets/turbolinks-d9dcd5206ee131f11181e8ca09537148.js?body=1" for 127.0.0.1 at 2015-04-01 21:02:03 -0500


Started GET "/assets/users-fcec5b5a277ac7c20cc9f45a209a3bcd.js?body=1" for 127.0.0.1 at 2015-04-01 21:02:03 -0500


Started GET "/assets/jquery_ujs-e27bd20a10d28155845a22d71ef94f2f.js?body=1" for 127.0.0.1 at 2015-04-01 21:02:03 -0500


Started GET "/assets/static_pages-fcec5b5a277ac7c20cc9f45a209a3bcd.js?body=1" for 127.0.0.1 at 2015-04-01 21:02:03 -0500


Started GET "/about" for 127.0.0.1 at 2015-04-01 21:02:10 -0500
Processing by StaticPagesController#about as HTML
  Rendered static_pages/about.html.erb within layouts/application (0.7ms)
  Rendered layouts/_shim.html.erb (0.1ms)
  Rendered layouts/_header.html.erb (0.3ms)
  Rendered layouts/_footer.html.erb (0.1ms)
Completed 200 OK in 118ms (Views: 117.1ms | ActiveRecord: 0.0ms)


Started GET "/contact" for 127.0.0.1 at 2015-04-01 21:02:14 -0500
Processing by StaticPagesController#contact as HTML
  Rendered static_pages/contact.html.erb within layouts/application (0.4ms)
  Rendered layouts/_shim.html.erb (0.1ms)
  Rendered layouts/_header.html.erb (0.4ms)
  Rendered layouts/_footer.html.erb (0.2ms)
Completed 200 OK in 117ms (Views: 116.8ms | ActiveRecord: 0.0ms)


Started GET "/about" for 127.0.0.1 at 2015-04-01 21:02:21 -0500
Processing by StaticPagesController#about as HTML
  Rendered static_pages/about.html.erb within layouts/application (0.1ms)
  Rendered layouts/_shim.html.erb (0.1ms)
  Rendered layouts/_header.html.erb (0.4ms)
  Rendered layouts/_footer.html.erb (0.2ms)
Completed 200 OK in 122ms (Views: 121.1ms | ActiveRecord: 0.0ms)


Started GET "/projects" for 127.0.0.1 at 2015-04-01 21:02:21 -0500
Processing by ProjectsController#index as HTML
  [1m[35mProject Load (0.2ms)[0m  SELECT "projects".* FROM "projects"
  Rendered projects/index.html.erb within layouts/application (1.2ms)
  Rendered layouts/_shim.html.erb (0.0ms)
  Rendered layouts/_header.html.erb (0.3ms)
  Rendered layouts/_footer.html.erb (0.2ms)
Completed 200 OK in 128ms (Views: 127.1ms | ActiveRecord: 0.2ms)
